{"total": {"lines":{"total":30,"covered":13,"skipped":0,"pct":43.33},"statements":{"total":34,"covered":14,"skipped":0,"pct":41.18},"functions":{"total":11,"covered":5,"skipped":0,"pct":45.45},"branches":{"total":10,"covered":2,"skipped":0,"pct":20}}
,"C:\\Users\\rober\\Desktop\\Supra_Coders\\SDI_Capstone_Project\\frontend\\src\\App.js": {"lines":{"total":20,"covered":9,"skipped":0,"pct":45},"functions":{"total":9,"covered":4,"skipped":0,"pct":44.44},"statements":{"total":24,"covered":10,"skipped":0,"pct":41.67},"branches":{"total":6,"covered":0,"skipped":0,"pct":0}}
,"C:\\Users\\rober\\Desktop\\Supra_Coders\\SDI_Capstone_Project\\frontend\\src\\index.js": {"lines":{"total":2,"covered":2,"skipped":0,"pct":100},"functions":{"total":0,"covered":0,"skipped":0,"pct":100},"statements":{"total":2,"covered":2,"skipped":0,"pct":100},"branches":{"total":0,"covered":0,"skipped":0,"pct":100}}
,"C:\\Users\\rober\\Desktop\\Supra_Coders\\SDI_Capstone_Project\\frontend\\src\\reportWebVitals.js": {"lines":{"total":8,"covered":2,"skipped":0,"pct":25},"functions":{"total":2,"covered":1,"skipped":0,"pct":50},"statements":{"total":8,"covered":2,"skipped":0,"pct":25},"branches":{"total":4,"covered":2,"skipped":0,"pct":50}}
}
